<?xml version="1.0" encoding="UTF-8"?>
<coverage generated="1788811037036" clover="3.2.0">
  <project timestamp="1788811037037" name="All files">
    <metrics statements="35" coveredstatements="34" conditionals="16" coveredconditionals="15" methods="10" coveredmethods="10" elements="61" coveredelements="59" complexity="0" loc="35" ncloc="35" packages="2" files="3" classes="3"/>
    <package name="models">
      <metrics statements="2" coveredstatements="2" conditionals="2" coveredconditionals="2" methods="1" coveredmethods="1"/>
      <file name="Track.ts" path="/media/bazyngan/DATA/Documents/Projects/obsidian/src/models/Track.ts">
        <metrics statements="2" coveredstatements="2" conditionals="2" coveredconditionals="2" methods="1" coveredmethods="1"/>
        <line num="16" count="3" type="cond" truecount="2" falsecount="0"/>
        <line num="17" count="2" type="stmt"/>
      </file>
    </package>
    <package name="utils">
      <metrics statements="33" coveredstatements="32" conditionals="14" coveredconditionals="13" methods="9" coveredmethods="9"/>
      <file name="errors.ts" path="/media/bazyngan/DATA/Documents/Projects/obsidian/src/utils/errors.ts">
        <metrics statements="30" coveredstatements="29" conditionals="12" coveredconditionals="11" methods="7" coveredmethods="7"/>
        <line num="27" count="7" type="stmt"/>
        <line num="28" count="7" type="stmt"/>
        <line num="29" count="7" type="stmt"/>
        <line num="30" count="7" type="stmt"/>
        <line num="31" count="7" type="stmt"/>
        <line num="36" count="1" type="stmt"/>
        <line num="46" count="6" type="cond" truecount="2" falsecount="0"/>
        <line num="48" count="5" type="cond" truecount="2" falsecount="0"/>
        <line num="50" count="2" type="stmt"/>
        <line num="53" count="3" type="cond" truecount="4" falsecount="0"/>
        <line num="54" count="1" type="stmt"/>
        <line num="57" count="2" type="cond" truecount="2" falsecount="0"/>
        <line num="58" count="1" type="stmt"/>
        <line num="61" count="1" type="cond" truecount="1" falsecount="1"/>
        <line num="62" count="0" type="stmt"/>
        <line num="65" count="1" type="stmt"/>
        <line num="76" count="2" type="stmt"/>
        <line num="77" count="2" type="stmt"/>
        <line num="79" count="1" type="stmt"/>
        <line num="80" count="1" type="stmt"/>
        <line num="81" count="1" type="stmt"/>
        <line num="93" count="1" type="stmt"/>
        <line num="94" count="1" type="stmt"/>
        <line num="98" count="1" type="stmt"/>
        <line num="102" count="2" type="stmt"/>
        <line num="103" count="2" type="stmt"/>
        <line num="104" count="2" type="stmt"/>
        <line num="109" count="2" type="stmt"/>
        <line num="113" count="2" type="stmt"/>
        <line num="117" count="1" type="stmt"/>
      </file>
      <file name="playlistExporter.ts" path="/media/bazyngan/DATA/Documents/Projects/obsidian/src/utils/playlistExporter.ts">
        <metrics statements="3" coveredstatements="3" conditionals="2" coveredconditionals="2" methods="2" coveredmethods="2"/>
        <line num="8" count="2" type="cond" truecount="2" falsecount="0"/>
        <line num="10" count="2" type="stmt"/>
        <line num="11" count="1" type="stmt"/>
      </file>
    </package>
  </project>
</coverage>
