{"/media/bazyngan/DATA/Documents/Projects/obsidian/src/models/Track.ts": {"path":"/media/bazyngan/DATA/Documents/Projects/obsidian/src/models/Track.ts","statementMap":{"0":{"start":{"line":16,"column":2},"end":{"line":16,"column":40}},"1":{"start":{"line":16,"column":28},"end":{"line":16,"column":40}},"2":{"start":{"line":17,"column":2},"end":{"line":17,"column":81}}},"fnMap":{"0":{"name":"getArtworkUrl200","decl":{"start":{"line":15,"column":16},"end":{"line":15,"column":32}},"loc":{"start":{"line":15,"column":62},"end":{"line":18,"column":1}},"line":15}},"branchMap":{"0":{"loc":{"start":{"line":16,"column":2},"end":{"line":16,"column":40}},"type":"if","locations":[{"start":{"line":16,"column":2},"end":{"line":16,"column":40}},{"start":{},"end":{}}],"line":16}},"s":{"0":3,"1":1,"2":2},"f":{"0":3},"b":{"0":[1,2]},"_coverageSchema":"1a1c01bbd47fc00a2c39e90264f33305004495a9","hash":"1707197b11ed9ca2579ce07fdcc8dd491108e687"}
,"/media/bazyngan/DATA/Documents/Projects/obsidian/src/utils/errors.ts": {"path":"/media/bazyngan/DATA/Documents/Projects/obsidian/src/utils/errors.ts","statementMap":{"0":{"start":{"line":27,"column":4},"end":{"line":27,"column":23}},"1":{"start":{"line":28,"column":4},"end":{"line":28,"column":27}},"2":{"start":{"line":29,"column":4},"end":{"line":29,"column":21}},"3":{"start":{"line":30,"column":4},"end":{"line":30,"column":35}},"4":{"start":{"line":31,"column":4},"end":{"line":31,"column":23}},"5":{"start":{"line":36,"column":52},"end":{"line":42,"column":1}},"6":{"start":{"line":46,"column":2},"end":{"line":46,"column":46}},"7":{"start":{"line":46,"column":33},"end":{"line":46,"column":46}},"8":{"start":{"line":48,"column":2},"end":{"line":51,"column":3}},"9":{"start":{"line":50,"column":4},"end":{"line":50,"column":81}},"10":{"start":{"line":53,"column":2},"end":{"line":55,"column":3}},"11":{"start":{"line":54,"column":4},"end":{"line":54,"column":81}},"12":{"start":{"line":57,"column":2},"end":{"line":59,"column":3}},"13":{"start":{"line":58,"column":4},"end":{"line":58,"column":73}},"14":{"start":{"line":61,"column":2},"end":{"line":63,"column":3}},"15":{"start":{"line":62,"column":4},"end":{"line":62,"column":65}},"16":{"start":{"line":65,"column":2},"end":{"line":65,"column":63}},"17":{"start":{"line":76,"column":2},"end":{"line":82,"column":3}},"18":{"start":{"line":77,"column":4},"end":{"line":77,"column":29}},"19":{"start":{"line":79,"column":21},"end":{"line":79,"column":38}},"20":{"start":{"line":80,"column":4},"end":{"line":80,"column":49}},"21":{"start":{"line":81,"column":4},"end":{"line":81,"column":19}},"22":{"start":{"line":93,"column":34},"end":{"line":93,"column":36}},"23":{"start":{"line":94,"column":39},"end":{"line":94,"column":43}},"24":{"start":{"line":98,"column":4},"end":{"line":98,"column":34}},"25":{"start":{"line":102,"column":4},"end":{"line":102,"column":27}},"26":{"start":{"line":103,"column":4},"end":{"line":105,"column":5}},"27":{"start":{"line":104,"column":6},"end":{"line":104,"column":29}},"28":{"start":{"line":109,"column":4},"end":{"line":109,"column":26}},"29":{"start":{"line":113,"column":4},"end":{"line":113,"column":26}},"30":{"start":{"line":117,"column":34},"end":{"line":117,"column":52}}},"fnMap":{"0":{"name":"(anonymous_0)","decl":{"start":{"line":26,"column":2},"end":{"line":26,"column":3}},"loc":{"start":{"line":26,"column":72},"end":{"line":32,"column":3}},"line":26},"1":{"name":"toAppError","decl":{"start":{"line":45,"column":16},"end":{"line":45,"column":26}},"loc":{"start":{"line":45,"column":53},"end":{"line":66,"column":1}},"line":45},"2":{"name":"withErrorHandling","decl":{"start":{"line":72,"column":22},"end":{"line":72,"column":39}},"loc":{"start":{"line":75,"column":14},"end":{"line":83,"column":1}},"line":75},"3":{"name":"(anonymous_3)","decl":{"start":{"line":97,"column":2},"end":{"line":97,"column":3}},"loc":{"start":{"line":97,"column":40},"end":{"line":99,"column":3}},"line":97},"4":{"name":"(anonymous_4)","decl":{"start":{"line":101,"column":2},"end":{"line":101,"column":3}},"loc":{"start":{"line":101,"column":50},"end":{"line":106,"column":3}},"line":101},"5":{"name":"(anonymous_5)","decl":{"start":{"line":108,"column":2},"end":{"line":108,"column":3}},"loc":{"start":{"line":108,"column":29},"end":{"line":110,"column":3}},"line":108},"6":{"name":"(anonymous_6)","decl":{"start":{"line":112,"column":2},"end":{"line":112,"column":3}},"loc":{"start":{"line":112,"column":16},"end":{"line":114,"column":3}},"line":112}},"branchMap":{"0":{"loc":{"start":{"line":46,"column":2},"end":{"line":46,"column":46}},"type":"if","locations":[{"start":{"line":46,"column":2},"end":{"line":46,"column":46}},{"start":{},"end":{}}],"line":46},"1":{"loc":{"start":{"line":48,"column":2},"end":{"line":51,"column":3}},"type":"if","locations":[{"start":{"line":48,"column":2},"end":{"line":51,"column":3}},{"start":{},"end":{}}],"line":48},"2":{"loc":{"start":{"line":53,"column":2},"end":{"line":55,"column":3}},"type":"if","locations":[{"start":{"line":53,"column":2},"end":{"line":55,"column":3}},{"start":{},"end":{}}],"line":53},"3":{"loc":{"start":{"line":53,"column":6},"end":{"line":53,"column":59}},"type":"binary-expr","locations":[{"start":{"line":53,"column":6},"end":{"line":53,"column":28}},{"start":{"line":53,"column":32},"end":{"line":53,"column":59}}],"line":53},"4":{"loc":{"start":{"line":57,"column":2},"end":{"line":59,"column":3}},"type":"if","locations":[{"start":{"line":57,"column":2},"end":{"line":59,"column":3}},{"start":{},"end":{}}],"line":57},"5":{"loc":{"start":{"line":61,"column":2},"end":{"line":63,"column":3}},"type":"if","locations":[{"start":{"line":61,"column":2},"end":{"line":63,"column":3}},{"start":{},"end":{}}],"line":61}},"s":{"0":7,"1":7,"2":7,"3":7,"4":7,"5":1,"6":6,"7":1,"8":5,"9":2,"10":3,"11":1,"12":2,"13":1,"14":1,"15":0,"16":1,"17":2,"18":2,"19":1,"20":1,"21":1,"22":1,"23":1,"24":1,"25":2,"26":2,"27":2,"28":2,"29":2,"30":1},"f":{"0":7,"1":6,"2":2,"3":1,"4":2,"5":2,"6":2},"b":{"0":[1,5],"1":[2,3],"2":[1,2],"3":[3,2],"4":[1,1],"5":[0,1]},"_coverageSchema":"1a1c01bbd47fc00a2c39e90264f33305004495a9","hash":"b514b794eacbb57998190e9fc35d574773c0c07f"}
,"/media/bazyngan/DATA/Documents/Projects/obsidian/src/utils/playlistExporter.ts": {"path":"/media/bazyngan/DATA/Documents/Projects/obsidian/src/utils/playlistExporter.ts","statementMap":{"0":{"start":{"line":8,"column":2},"end":{"line":8,"column":64}},"1":{"start":{"line":8,"column":27},"end":{"line":8,"column":64}},"2":{"start":{"line":10,"column":16},"end":{"line":10,"column":82}},"3":{"start":{"line":10,"column":37},"end":{"line":10,"column":81}},"4":{"start":{"line":11,"column":2},"end":{"line":11,"column":52}}},"fnMap":{"0":{"name":"buildPlaylistText","decl":{"start":{"line":7,"column":16},"end":{"line":7,"column":33}},"loc":{"start":{"line":7,"column":59},"end":{"line":12,"column":1}},"line":7},"1":{"name":"(anonymous_1)","decl":{"start":{"line":10,"column":27},"end":{"line":10,"column":28}},"loc":{"start":{"line":10,"column":37},"end":{"line":10,"column":81}},"line":10}},"branchMap":{"0":{"loc":{"start":{"line":8,"column":2},"end":{"line":8,"column":64}},"type":"if","locations":[{"start":{"line":8,"column":2},"end":{"line":8,"column":64}},{"start":{},"end":{}}],"line":8}},"s":{"0":2,"1":1,"2":1,"3":2,"4":1},"f":{"0":2,"1":2},"b":{"0":[1,1]},"_coverageSchema":"1a1c01bbd47fc00a2c39e90264f33305004495a9","hash":"7142eade7ac5f92a16898d94908cd87b04a635e3"}
}
