TN:
SF:src/models/Track.ts
FN:15,getArtworkUrl200
FNF:1
FNH:1
FNDA:3,getArtworkUrl200
DA:16,3
DA:17,2
LF:2
LH:2
BRDA:16,0,0,1
BRDA:16,0,1,2
BRF:2
BRH:2
end_of_record
TN:
SF:src/utils/errors.ts
FN:26,(anonymous_0)
FN:45,toAppError
FN:72,withErrorHandling
FN:97,(anonymous_3)
FN:101,(anonymous_4)
FN:108,(anonymous_5)
FN:112,(anonymous_6)
FNF:7
FNH:7
FNDA:7,(anonymous_0)
FNDA:6,toAppError
FNDA:2,withErrorHandling
FNDA:1,(anonymous_3)
FNDA:2,(anonymous_4)
FNDA:2,(anonymous_5)
FNDA:2,(anonymous_6)
DA:27,7
DA:28,7
DA:29,7
DA:30,7
DA:31,7
DA:36,1
DA:46,6
DA:48,5
DA:50,2
DA:53,3
DA:54,1
DA:57,2
DA:58,1
DA:61,1
DA:62,0
DA:65,1
DA:76,2
DA:77,2
DA:79,1
DA:80,1
DA:81,1
DA:93,1
DA:94,1
DA:98,1
DA:102,2
DA:103,2
DA:104,2
DA:109,2
DA:113,2
DA:117,1
LF:30
LH:29
BRDA:46,0,0,1
BRDA:46,0,1,5
BRDA:48,1,0,2
BRDA:48,1,1,3
BRDA:53,2,0,1
BRDA:53,2,1,2
BRDA:53,3,0,3
BRDA:53,3,1,2
BRDA:57,4,0,1
BRDA:57,4,1,1
BRDA:61,5,0,0
BRDA:61,5,1,1
BRF:12
BRH:11
end_of_record
TN:
SF:src/utils/playlistExporter.ts
FN:7,buildPlaylistText
FN:10,(anonymous_1)
FNF:2
FNH:2
FNDA:2,buildPlaylistText
FNDA:2,(anonymous_1)
DA:8,2
DA:10,2
DA:11,1
LF:3
LH:3
BRDA:8,0,0,1
BRDA:8,0,1,1
BRF:2
BRH:2
end_of_record
